#
# There is insufficient memory for the Java Runtime Environment to continue.
# Native memory allocation (malloc) failed to allocate 1528496 bytes for Chunk::new
# Possible reasons:
#   The system is out of physical RAM or swap space
#   The process is running with CompressedOops enabled, and the Java Heap may be blocking the growth of the native heap
# Possible solutions:
#   Reduce memory load on the system
#   Increase physical memory or swap space
#   Check if swap backing store is full
#   Decrease Java heap size (-Xmx/-Xms)
#   Decrease number of Java threads
#   Decrease Java thread stack sizes (-Xss)
#   Set larger code cache with -XX:ReservedCodeCacheSize=
#   JVM is running with Unscaled Compressed Oops mode in which the Java heap is
#     placed in the first 4GB address space. The Java Heap base address is the
#     maximum limit for the native heap growth. Please use -XX:HeapBaseMinAddress
#     to set the Java Heap base and to place the Java Heap above 4GB virtual address.
# This output file may be truncated or incomplete.
#
#  Out of Memory Error (allocation.cpp:389), pid=13608, tid=0x0000000000000878
#
# JRE version: OpenJDK Runtime Environment (8.0_242-b01) (build 1.8.0_242-release-1644-b01)
# Java VM: OpenJDK 64-Bit Server VM (25.242-b01 mixed mode windows-amd64 compressed oops)
# Failed to write core dump. Minidumps are not enabled by default on client versions of Windows
#

---------------  T H R E A D  ---------------

Current thread (0x0000000018c38800):  JavaThread "C2 CompilerThread1" daemon [_thread_in_native, id=2168, stack(0x0000000019600000,0x0000000019700000)]

Stack: [0x0000000019600000,0x0000000019700000]
[error occurred during error reporting (printing stack bounds), id 0xc0000005]

Native frames: (J=compiled Java code, j=interpreted, Vv=VM code, C=native code)


Current CompileTask:
C2:  19376 2995       4       groovy.lang.MetaClassImpl$1MOPIter::methodNameAction (325 bytes)


---------------  P R O C E S S  ---------------

Java Threads: ( => current thread )
  0x000000001a13a000 JavaThread "Cache worker for execution history cache (C:\Users\Rashtaurigae\.gradle\caches\6.1.1\executionHistory)" [_thread_blocked, id=412, stack(0x0000000021200000,0x0000000021300000)]
  0x000000001a139800 JavaThread "Cache worker for cache directory md-rule (C:\Users\Rashtaurigae\.gradle\caches\6.1.1\md-rule)" [_thread_blocked, id=19216, stack(0x000000001ffd0000,0x00000000200d0000)]
  0x000000001a134000 JavaThread "Cache worker for cache directory md-supplier (C:\Users\Rashtaurigae\.gradle\caches\6.1.1\md-supplier)" [_thread_blocked, id=19916, stack(0x000000001fed0000,0x000000001ffd0000)]
  0x000000001a132800 JavaThread "Cache worker for file hash cache (C:\Users\Rashtaurigae\AndroidStudioProjects\Society_try\.gradle\6.1.1\fileHashes)" [_thread_blocked, id=1344, stack(0x0000000021580000,0x0000000021680000)]
  0x000000001a138000 JavaThread "Cache worker for checksums cache (C:\Users\Rashtaurigae\AndroidStudioProjects\Society_try\.gradle\checksums)" [_thread_blocked, id=19472, stack(0x0000000021100000,0x0000000021200000)]
  0x000000001a132000 JavaThread "Cache worker for file hash cache (C:\Users\Rashtaurigae\.gradle\caches\6.1.1\fileHashes)" [_thread_blocked, id=18756, stack(0x000000001da30000,0x000000001db30000)]
  0x000000001a137000 JavaThread "File lock request listener" [_thread_in_native, id=14968, stack(0x000000001d930000,0x000000001da30000)]
  0x000000001a135800 JavaThread "Cache worker for journal cache (C:\Users\Rashtaurigae\.gradle\caches\journal-1)" [_thread_blocked, id=20164, stack(0x000000001d830000,0x000000001d930000)]
  0x000000001a138800 JavaThread "Thread-9" [_thread_blocked, id=22124, stack(0x000000001d530000,0x000000001d630000)]
  0x000000001a131000 JavaThread "Stdin handler" [_thread_blocked, id=18620, stack(0x000000001d430000,0x000000001d530000)]
  0x0000000018c40800 JavaThread "Asynchronous log dispatcher for DefaultDaemonConnection: socket connection from /127.0.0.1:53962 to /127.0.0.1:53963" [_thread_blocked, id=1748, stack(0x000000001d230000,0x000000001d330000)]
  0x0000000018c3f000 JavaThread "Daemon worker" [_thread_blocked_trans, id=12452, stack(0x000000001d130000,0x000000001d230000)]
  0x0000000018c3e800 JavaThread "Cancel handler" [_thread_blocked, id=23444, stack(0x000000001d030000,0x000000001d130000)]
  0x0000000018c40000 JavaThread "Handler for socket connection from /127.0.0.1:53962 to /127.0.0.1:53963" [_thread_in_native, id=17416, stack(0x000000001cd30000,0x000000001ce30000)]
  0x0000000018c3d800 JavaThread "Daemon" [_thread_blocked, id=20416, stack(0x000000001cc30000,0x000000001cd30000)]
  0x0000000018c43800 JavaThread "Daemon periodic checks" [_thread_blocked, id=15856, stack(0x000000001cb30000,0x000000001cc30000)]
  0x0000000018c41800 JavaThread "Incoming local TCP Connector on port 53962" [_thread_in_native, id=21880, stack(0x000000001c8f0000,0x000000001c9f0000)]
  0x0000000018c44800 JavaThread "Daemon health stats" [_thread_blocked, id=18984, stack(0x000000001b2d0000,0x000000001b3d0000)]
  0x0000000018cd0000 JavaThread "Service Thread" daemon [_thread_blocked, id=19044, stack(0x0000000019900000,0x0000000019a00000)]
  0x0000000018c43000 JavaThread "C1 CompilerThread3" daemon [_thread_blocked, id=20420, stack(0x0000000019800000,0x0000000019900000)]
  0x0000000018c42000 JavaThread "C2 CompilerThread2" daemon [_thread_blocked, id=19764, stack(0x0000000019700000,0x0000000019800000)]
=>0x0000000018c38800 JavaThread "C2 CompilerThread1" daemon [_thread_in_native, id=2168, stack(0x0000000019600000,0x0000000019700000)]
  0x0000000018c32800 JavaThread "C2 CompilerThread0" daemon [_thread_blocked, id=22188, stack(0x0000000019500000,0x0000000019600000)]
  0x0000000018c31800 JavaThread "Attach Listener" daemon [_thread_blocked, id=19768, stack(0x0000000019400000,0x0000000019500000)]
  0x0000000018c30000 JavaThread "Signal Dispatcher" daemon [_thread_blocked, id=5208, stack(0x0000000019300000,0x0000000019400000)]
  0x0000000002f8d800 JavaThread "Finalizer" daemon [_thread_blocked, id=3632, stack(0x0000000019100000,0x0000000019200000)]
  0x0000000002f87800 JavaThread "Reference Handler" daemon [_thread_blocked, id=20220, stack(0x0000000019000000,0x0000000019100000)]
  0x0000000002e92800 JavaThread "main" [_thread_blocked, id=21140, stack(0x0000000002cf0000,0x0000000002df0000)]

Other Threads:
  0x0000000016e26800 VMThread [stack: 0x0000000018b00000,0x0000000018c00000] [id=13832]
  0x0000000018cd9000 WatcherThread [stack: 0x0000000019a00000,0x0000000019b00000] [id=19632]

VM state:at safepoint (normal execution)

VM Mutex/Monitor currently owned by a thread: None

heap address: 0x00000000a0000000, size: 1536 MB, Compressed Oops mode: 32-bit
Narrow klass base: 0x0000000000000000, Narrow klass shift: 3
Compressed class space size: 1073741824 Address: 0x0000000100000000

Heap:
 PSYoungGen      total 134144K, used 28654K [0x00000000e0000000, 0x00000000edc00000, 0x0000000100000000)
  eden space 125440K, 22% used [0x00000000e0000000,0x00000000e1bfb808,0x00000000e7a80000)
  from space 8704K, 0% used [0x00000000e8780000,0x00000000e8780000,0x00000000e9000000)
  to   space 13312K, 0% used [0x00000000e7a80000,0x00000000e7a80000,0x00000000e8780000)
 ParOldGen       total 42496K, used 16567K [0x00000000a0000000, 0x00000000a2980000, 0x00000000e0000000)
  object space 42496K, 38% used [0x00000000a0000000,0x00000000a102ddd8,0x00000000a2980000)
 Metaspace       used 35209K, capacity 36336K, committed 36520K, reserved 1081344K
  class space    used 4846K, capacity 5188K, committed 5288K, reserved 1048576K

Card table byte_map: [0x0000000012430000,0x0000000012740000] byte_map_base: 0x0000000011f30000

Marking Bits: (ParMarkBitMap*) 0x00000000636bf030
 Begin Bits: [0x0000000013140000, 0x0000000014940000)
 End Bits:   [0x0000000014940000, 0x0000000016140000)

Polling page: 0x0000000001520000

CodeCache: size=245760Kb used=10916Kb max_used=10923Kb free=234843Kb
 bounds [0x0000000003070000, 0x0000000003b30000, 0x0000000012070000]
 total_blobs=3493 nmethods=2800 adapters=606
 compilation: enabled

Compilation events (10 events):
Event: 19.115 Thread 0x0000000018c42000 nmethod 3021 0x0000000003b15ad0 code [0x0000000003b15c60, 0x0000000003b15fc0]
Event: 19.115 Thread 0x0000000018c43000 3029       3       java.beans.MethodDescriptor::resolve (32 bytes)
Event: 19.116 Thread 0x0000000018c43000 nmethod 3029 0x0000000003b14cd0 code [0x0000000003b14e80, 0x0000000003b15510]
Event: 19.116 Thread 0x0000000018c43000 3030       3       com.sun.beans.TypeResolver::prepare (237 bytes)
Event: 19.116 Thread 0x0000000018c43000 nmethod 3030 0x0000000003b16290 code [0x0000000003b16600, 0x0000000003b18288]
Event: 19.116 Thread 0x0000000018c43000 3031       3       groovy.lang.MetaClassImpl$1::compare (13 bytes)
Event: 19.117 Thread 0x0000000018c43000 nmethod 3031 0x0000000003b13cd0 code [0x0000000003b13ea0, 0x0000000003b148e8]
Event: 19.117 Thread 0x0000000018c43000 3032       3       groovy.lang.MetaClassImpl$1::compare (12 bytes)
Event: 19.117 Thread 0x0000000018c43000 nmethod 3032 0x0000000003b13050 code [0x0000000003b13200, 0x0000000003b13a08]
Event: 19.117 Thread 0x0000000018c32800 nmethod 3019 0x0000000003b1c050 code [0x0000000003b1c200, 0x0000000003b1c810]

GC Heap History (10 events):
Event: 9.704 GC heap before
{Heap before GC invocations=8 (full 0):
 PSYoungGen      total 71680K, used 11015K [0x00000000e0000000, 0x00000000e9100000, 0x0000000100000000)
  eden space 64512K, 5% used [0x00000000e0000000,0x00000000e03c6860,0x00000000e3f00000)
  from space 7168K, 99% used [0x00000000e3f00000,0x00000000e45fb708,0x00000000e4600000)
  to   space 9728K, 0% used [0x00000000e8780000,0x00000000e8780000,0x00000000e9100000)
 ParOldGen       total 44032K, used 8225K [0x00000000a0000000, 0x00000000a2b00000, 0x00000000e0000000)
  object space 44032K, 18% used [0x00000000a0000000,0x00000000a08085a8,0x00000000a2b00000)
 Metaspace       used 20504K, capacity 21212K, committed 21296K, reserved 1067008K
  class space    used 2876K, capacity 3092K, committed 3120K, reserved 1048576K
Event: 9.709 GC heap after
Heap after GC invocations=8 (full 0):
 PSYoungGen      total 137728K, used 4058K [0x00000000e0000000, 0x00000000e9000000, 0x0000000100000000)
  eden space 129024K, 0% used [0x00000000e0000000,0x00000000e0000000,0x00000000e7e00000)
  from space 8704K, 46% used [0x00000000e8780000,0x00000000e8b769d0,0x00000000e9000000)
  to   space 9216K, 0% used [0x00000000e7e00000,0x00000000e7e00000,0x00000000e8700000)
 ParOldGen       total 44032K, used 8889K [0x00000000a0000000, 0x00000000a2b00000, 0x00000000e0000000)
  object space 44032K, 20% used [0x00000000a0000000,0x00000000a08ae5a8,0x00000000a2b00000)
 Metaspace       used 20504K, capacity 21212K, committed 21296K, reserved 1067008K
  class space    used 2876K, capacity 3092K, committed 3120K, reserved 1048576K
}
Event: 9.709 GC heap before
{Heap before GC invocations=9 (full 1):
 PSYoungGen      total 137728K, used 4058K [0x00000000e0000000, 0x00000000e9000000, 0x0000000100000000)
  eden space 129024K, 0% used [0x00000000e0000000,0x00000000e0000000,0x00000000e7e00000)
  from space 8704K, 46% used [0x00000000e8780000,0x00000000e8b769d0,0x00000000e9000000)
  to   space 9216K, 0% used [0x00000000e7e00000,0x00000000e7e00000,0x00000000e8700000)
 ParOldGen       total 44032K, used 8889K [0x00000000a0000000, 0x00000000a2b00000, 0x00000000e0000000)
  object space 44032K, 20% used [0x00000000a0000000,0x00000000a08ae5a8,0x00000000a2b00000)
 Metaspace       used 20504K, capacity 21212K, committed 21296K, reserved 1067008K
  class space    used 2876K, capacity 3092K, committed 3120K, reserved 1048576K
Event: 9.739 GC heap after
Heap after GC invocations=9 (full 1):
 PSYoungGen      total 137728K, used 0K [0x00000000e0000000, 0x00000000e9000000, 0x0000000100000000)
  eden space 129024K, 0% used [0x00000000e0000000,0x00000000e0000000,0x00000000e7e00000)
  from space 8704K, 0% used [0x00000000e8780000,0x00000000e8780000,0x00000000e9000000)
  to   space 9216K, 0% used [0x00000000e7e00000,0x00000000e7e00000,0x00000000e8700000)
 ParOldGen       total 29696K, used 7866K [0x00000000a0000000, 0x00000000a1d00000, 0x00000000e0000000)
  object space 29696K, 26% used [0x00000000a0000000,0x00000000a07ae928,0x00000000a1d00000)
 Metaspace       used 20504K, capacity 21212K, committed 21296K, reserved 1067008K
  class space    used 2876K, capacity 3092K, committed 3120K, reserved 1048576K
}
Event: 12.712 GC heap before
{Heap before GC invocations=10 (full 1):
 PSYoungGen      total 137728K, used 129024K [0x00000000e0000000, 0x00000000e9000000, 0x0000000100000000)
  eden space 129024K, 100% used [0x00000000e0000000,0x00000000e7e00000,0x00000000e7e00000)
  from space 8704K, 0% used [0x00000000e8780000,0x00000000e8780000,0x00000000e9000000)
  to   space 9216K, 0% used [0x00000000e7e00000,0x00000000e7e00000,0x00000000e8700000)
 ParOldGen       total 29696K, used 7866K [0x00000000a0000000, 0x00000000a1d00000, 0x00000000e0000000)
  object space 29696K, 26% used [0x00000000a0000000,0x00000000a07ae928,0x00000000a1d00000)
 Metaspace       used 31996K, capacity 32844K, committed 33072K, reserved 1077248K
  class space    used 4326K, capacity 4580K, committed 4656K, reserved 1048576K
Event: 12.763 GC heap after
Heap after GC invocations=10 (full 1):
 PSYoungGen      total 138240K, used 9202K [0x00000000e0000000, 0x00000000e9000000, 0x0000000100000000)
  eden space 129024K, 0% used [0x00000000e0000000,0x00000000e0000000,0x00000000e7e00000)
  from space 9216K, 99% used [0x00000000e7e00000,0x00000000e86fc8a0,0x00000000e8700000)
  to   space 8704K, 0% used [0x00000000e8780000,0x00000000e8780000,0x00000000e9000000)
 ParOldGen       total 29696K, used 11266K [0x00000000a0000000, 0x00000000a1d00000, 0x00000000e0000000)
  object space 29696K, 37% used [0x00000000a0000000,0x00000000a0b008f0,0x00000000a1d00000)
 Metaspace       used 31996K, capacity 32844K, committed 33072K, reserved 1077248K
  class space    used 4326K, capacity 4580K, committed 4656K, reserved 1048576K
}
Event: 17.616 GC heap before
{Heap before GC invocations=11 (full 1):
 PSYoungGen      total 138240K, used 58672K [0x00000000e0000000, 0x00000000e9000000, 0x0000000100000000)
  eden space 129024K, 38% used [0x00000000e0000000,0x00000000e304f818,0x00000000e7e00000)
  from space 9216K, 99% used [0x00000000e7e00000,0x00000000e86fc8a0,0x00000000e8700000)
  to   space 8704K, 0% used [0x00000000e8780000,0x00000000e8780000,0x00000000e9000000)
 ParOldGen       total 29696K, used 11266K [0x00000000a0000000, 0x00000000a1d00000, 0x00000000e0000000)
  object space 29696K, 37% used [0x00000000a0000000,0x00000000a0b008f0,0x00000000a1d00000)
 Metaspace       used 34431K, capacity 35412K, committed 35496K, reserved 1079296K
  class space    used 4687K, capacity 4973K, committed 5032K, reserved 1048576K
Event: 17.628 GC heap after
Heap after GC invocations=11 (full 1):
 PSYoungGen      total 134144K, used 8695K [0x00000000e0000000, 0x00000000edc00000, 0x0000000100000000)
  eden space 125440K, 0% used [0x00000000e0000000,0x00000000e0000000,0x00000000e7a80000)
  from space 8704K, 99% used [0x00000000e8780000,0x00000000e8ffdf08,0x00000000e9000000)
  to   space 13312K, 0% used [0x00000000e7a80000,0x00000000e7a80000,0x00000000e8780000)
 ParOldGen       total 29696K, used 12523K [0x00000000a0000000, 0x00000000a1d00000, 0x00000000e0000000)
  object space 29696K, 42% used [0x00000000a0000000,0x00000000a0c3aea0,0x00000000a1d00000)
 Metaspace       used 34431K, capacity 35412K, committed 35496K, reserved 1079296K
  class space    used 4687K, capacity 4973K, committed 5032K, reserved 1048576K
}
Event: 17.628 GC heap before
{Heap before GC invocations=12 (full 2):
 PSYoungGen      total 134144K, used 8695K [0x00000000e0000000, 0x00000000edc00000, 0x0000000100000000)
  eden space 125440K, 0% used [0x00000000e0000000,0x00000000e0000000,0x00000000e7a80000)
  from space 8704K, 99% used [0x00000000e8780000,0x00000000e8ffdf08,0x00000000e9000000)
  to   space 13312K, 0% used [0x00000000e7a80000,0x00000000e7a80000,0x00000000e8780000)
 ParOldGen       total 29696K, used 12523K [0x00000000a0000000, 0x00000000a1d00000, 0x00000000e0000000)
  object space 29696K, 42% used [0x00000000a0000000,0x00000000a0c3aea0,0x00000000a1d00000)
 Metaspace       used 34431K, capacity 35412K, committed 35496K, reserved 1079296K
  class space    used 4687K, capacity 4973K, committed 5032K, reserved 1048576K
Event: 17.703 GC heap after
Heap after GC invocations=12 (full 2):
 PSYoungGen      total 134144K, used 0K [0x00000000e0000000, 0x00000000edc00000, 0x0000000100000000)
  eden space 125440K, 0% used [0x00000000e0000000,0x00000000e0000000,0x00000000e7a80000)
  from space 8704K, 0% used [0x00000000e8780000,0x00000000e8780000,0x00000000e9000000)
  to   space 13312K, 0% used [0x00000000e7a80000,0x00000000e7a80000,0x00000000e8780000)
 ParOldGen       total 42496K, used 16567K [0x00000000a0000000, 0x00000000a2980000, 0x00000000e0000000)
  object space 42496K, 38% used [0x00000000a0000000,0x00000000a102ddd8,0x00000000a2980000)
 Metaspace       used 34431K, capacity 35412K, committed 35496K, reserved 1079296K
  class space    used 4687K, capacity 4973K, committed 5032K, reserved 1048576K
}

Deoptimization events (10 events):
Event: 16.905 Thread 0x0000000018c3f000 Uncommon trap: reason=unstable_if action=reinterpret pc=0x00000000039b4ca8 method=org.codehaus.groovy.runtime.metaclass.MetaMethodIndex.addMethodToList(Ljava/lang/Object;Lgroovy/lang/MetaMethod;)Ljava/lang/Object; @ 226
Event: 16.951 Thread 0x0000000018c3f000 Uncommon trap: reason=unstable_if action=reinterpret pc=0x00000000034be518 method=java.util.HashMap.putVal(ILjava/lang/Object;Ljava/lang/Object;ZZ)Ljava/lang/Object; @ 162
Event: 16.955 Thread 0x0000000018c3f000 Uncommon trap: reason=range_check action=make_not_entrant pc=0x000000000396e464 method=java.lang.String.charAt(I)C @ 27
Event: 17.532 Thread 0x0000000018c3f000 Uncommon trap: reason=unstable_if action=reinterpret pc=0x00000000032f1f0c method=java.util.HashMap.getNode(ILjava/lang/Object;)Ljava/util/HashMap$Node; @ 53
Event: 17.532 Thread 0x0000000018c3f000 Uncommon trap: reason=unstable_if action=reinterpret pc=0x0000000003556ef8 method=java.util.HashMap.hash(Ljava/lang/Object;)I @ 1
Event: 17.719 Thread 0x0000000018c3f000 Uncommon trap: reason=unstable_if action=reinterpret pc=0x00000000038cbb80 method=org.objectweb.asm.ByteVector.putShort(I)Lorg/objectweb/asm/ByteVector; @ 13
Event: 17.721 Thread 0x0000000018c3f000 Uncommon trap: reason=unstable_if action=reinterpret pc=0x00000000033a2338 method=java.net.URLStreamHandler.sameFile(Ljava/net/URL;Ljava/net/URL;)Z @ 63
Event: 17.764 Thread 0x0000000018c3f000 Uncommon trap: reason=unstable_if action=reinterpret pc=0x0000000003ab3768 method=java.lang.ClassLoader.checkCerts(Ljava/lang/String;Ljava/security/CodeSource;)V @ 29
Event: 17.771 Thread 0x0000000018c3f000 Uncommon trap: reason=unstable_if action=reinterpret pc=0x000000000375accc method=java.util.WeakHashMap.put(Ljava/lang/Object;Ljava/lang/Object;)Ljava/lang/Object; @ 59
Event: 17.919 Thread 0x0000000018c3f000 Uncommon trap: reason=unstable_if action=reinterpret pc=0x00000000038de238 method=org.gradle.internal.reflect.PropertyAccessorType.isGetGetterName(Ljava/lang/String;)Z @ 14

Classes redefined (0 events):
No events

Internal exceptions (10 events):
Event: 19.107 Thread 0x0000000018c3f000 Exception <a 'java/lang/ClassNotFoundException': org/gradle/api/internal/artifacts/DefaultArtifactRepositoryContainerBeanInfo> (0x00000000e1599390) thrown at [C:\src\AOSP-openjdk-git\hotspot\src\share\vm\classfile\systemDictionary.cpp, line 210]
Event: 19.107 Thread 0x0000000018c3f000 Exception <a 'java/lang/ClassNotFoundException': org/gradle/api/internal/DefaultNamedDomainObjectListBeanInfo> (0x00000000e15cdfb0) thrown at [C:\src\AOSP-openjdk-git\hotspot\src\share\vm\classfile\systemDictionary.cpp, line 210]
Event: 19.108 Thread 0x0000000018c3f000 Exception <a 'java/lang/ClassNotFoundException': org/gradle/api/internal/DefaultNamedDomainObjectCollectionBeanInfo> (0x00000000e1605168) thrown at [C:\src\AOSP-openjdk-git\hotspot\src\share\vm\classfile\systemDictionary.cpp, line 210]
Event: 19.108 Thread 0x0000000018c3f000 Exception <a 'java/lang/ClassNotFoundException': org/gradle/api/internal/DefaultDomainObjectCollectionBeanInfo> (0x00000000e163ac10) thrown at [C:\src\AOSP-openjdk-git\hotspot\src\share\vm\classfile\systemDictionary.cpp, line 210]
Event: 19.109 Thread 0x0000000018c3f000 Exception <a 'java/lang/ClassNotFoundException': org/gradle/api/internal/DefaultDomainObjectCollectionCustomizer> (0x00000000e1671160) thrown at [C:\src\AOSP-openjdk-git\hotspot\src\share\vm\classfile\systemDictionary.cpp, line 210]
Event: 19.110 Thread 0x0000000018c3f000 Exception <a 'java/lang/ClassNotFoundException': org/gradle/api/internal/DefaultNamedDomainObjectCollectionCustomizer> (0x00000000e16d0a58) thrown at [C:\src\AOSP-openjdk-git\hotspot\src\share\vm\classfile\systemDictionary.cpp, line 210]
Event: 19.112 Thread 0x0000000018c3f000 Exception <a 'java/lang/ClassNotFoundException': org/gradle/api/internal/DefaultNamedDomainObjectListCustomizer> (0x00000000e173fdf0) thrown at [C:\src\AOSP-openjdk-git\hotspot\src\share\vm\classfile\systemDictionary.cpp, line 210]
Event: 19.113 Thread 0x0000000018c3f000 Exception <a 'java/lang/ClassNotFoundException': org/gradle/api/internal/artifacts/DefaultArtifactRepositoryContainerCustomizer> (0x00000000e17b6e00) thrown at [C:\src\AOSP-openjdk-git\hotspot\src\share\vm\classfile\systemDictionary.cpp, line 210]
Event: 19.114 Thread 0x0000000018c3f000 Exception <a 'java/lang/ClassNotFoundException': org/gradle/api/internal/artifacts/dsl/DefaultRepositoryHandlerCustomizer> (0x00000000e181ec90) thrown at [C:\src\AOSP-openjdk-git\hotspot\src\share\vm\classfile\systemDictionary.cpp, line 210]
Event: 19.115 Thread 0x0000000018c3f000 Exception <a 'java/lang/ClassNotFoundException': org/gradle/api/internal/artifacts/dsl/DefaultRepositoryHandler_DecoratedCustomizer> (0x00000000e189d4e8) thrown at [C:\src\AOSP-openjdk-git\hotspot\src\share\vm\classfile\systemDictionary.cpp, line 210]

Events (10 events):
Event: 19.260 loading class org/gradle/internal/artifacts/repositories/AuthenticationSupportedInternal
Event: 19.260 loading class org/gradle/internal/artifacts/repositories/AuthenticationSupportedInternal done
Event: 19.281 loading class org/gradle/api/internal/artifacts/repositories/AbstractResolutionAwareArtifactRepository
Event: 19.281 loading class org/gradle/api/internal/artifacts/repositories/AbstractResolutionAwareArtifactRepository done
Event: 19.282 loading class org/gradle/api/internal/artifacts/repositories/AbstractArtifactRepository
Event: 19.282 loading class org/gradle/api/internal/artifacts/repositories/AbstractArtifactRepository done
Event: 19.282 loading class org/gradle/api/internal/artifacts/repositories/ArtifactRepositoryInternal
Event: 19.282 loading class org/gradle/api/internal/artifacts/repositories/ArtifactRepositoryInternal done
Event: 19.282 loading class org/gradle/internal/authentication/DefaultAuthenticationContainer
Event: 19.282 loading class org/gradle/internal/authentication/DefaultAuthenticationContainer done


Dynamic libraries:
0x00007ff7e4780000 - 0x00007ff7e47b1000 	C:\Program Files\Android\Android Studio\jre\bin\java.exe
0x00007ffa710c0000 - 0x00007ffa712b0000 	C:\WINDOWS\SYSTEM32\ntdll.dll
0x00007ffa6fb20000 - 0x00007ffa6fbd2000 	C:\WINDOWS\System32\KERNEL32.DLL
0x00007ffa6e4a0000 - 0x00007ffa6e745000 	C:\WINDOWS\System32\KERNELBASE.dll
0x00007ffa6f880000 - 0x00007ffa6f923000 	C:\WINDOWS\System32\ADVAPI32.dll
0x00007ffa70800000 - 0x00007ffa7089e000 	C:\WINDOWS\System32\msvcrt.dll
0x00007ffa6fbe0000 - 0x00007ffa6fc77000 	C:\WINDOWS\System32\sechost.dll
0x00007ffa6f760000 - 0x00007ffa6f880000 	C:\WINDOWS\System32\RPCRT4.dll
0x00007ffa6fc80000 - 0x00007ffa6fe15000 	C:\WINDOWS\System32\USER32.dll
0x00007ffa6e3f0000 - 0x00007ffa6e411000 	C:\WINDOWS\System32\win32u.dll
0x00007ffa70b60000 - 0x00007ffa70b86000 	C:\WINDOWS\System32\GDI32.dll
0x00007ffa6efd0000 - 0x00007ffa6f166000 	C:\WINDOWS\System32\gdi32full.dll
0x00007ffa6e100000 - 0x00007ffa6e19e000 	C:\WINDOWS\System32\msvcp_win.dll
0x00007ffa6eed0000 - 0x00007ffa6efca000 	C:\WINDOWS\System32\ucrtbase.dll
0x00007ffa55b70000 - 0x00007ffa55df4000 	C:\WINDOWS\WinSxS\amd64_microsoft.windows.common-controls_6595b64144ccf1df_6.0.18362.1082_none_9e8193e1e45b25c1\COMCTL32.dll
0x00007ffa70d40000 - 0x00007ffa71075000 	C:\WINDOWS\System32\combase.dll
0x00007ffa6e420000 - 0x00007ffa6e4a0000 	C:\WINDOWS\System32\bcryptPrimitives.dll
0x00007ffa6f170000 - 0x00007ffa6f19e000 	C:\WINDOWS\System32\IMM32.DLL
0x0000000062690000 - 0x0000000062762000 	C:\Program Files\Android\Android Studio\jre\jre\bin\msvcr100.dll
0x0000000062ef0000 - 0x000000006373b000 	C:\Program Files\Android\Android Studio\jre\jre\bin\server\jvm.dll
0x00007ffa44840000 - 0x00007ffa44849000 	C:\WINDOWS\SYSTEM32\WSOCK32.dll
0x00007ffa6f1a0000 - 0x00007ffa6f1a8000 	C:\WINDOWS\System32\PSAPI.DLL
0x00007ffa66ee0000 - 0x00007ffa66eea000 	C:\WINDOWS\SYSTEM32\VERSION.dll
0x00007ffa6fa00000 - 0x00007ffa6fa6f000 	C:\WINDOWS\System32\WS2_32.dll
0x00007ffa6a5b0000 - 0x00007ffa6a5d4000 	C:\WINDOWS\SYSTEM32\WINMM.dll
0x00007ffa6a4a0000 - 0x00007ffa6a4cd000 	C:\WINDOWS\SYSTEM32\winmmbase.dll
0x00007ffa6e1a0000 - 0x00007ffa6e1ea000 	C:\WINDOWS\System32\cfgmgr32.dll
0x00007ffa6a8d0000 - 0x00007ffa6a8df000 	C:\Program Files\Android\Android Studio\jre\jre\bin\verify.dll
0x00007ffa69030000 - 0x00007ffa69059000 	C:\Program Files\Android\Android Studio\jre\jre\bin\java.dll
0x00007ffa6a890000 - 0x00007ffa6a8a6000 	C:\Program Files\Android\Android Studio\jre\jre\bin\zip.dll
0x00007ffa6fe20000 - 0x00007ffa70507000 	C:\WINDOWS\System32\SHELL32.dll
0x00007ffa70ab0000 - 0x00007ffa70b59000 	C:\WINDOWS\System32\shcore.dll
0x00007ffa6e750000 - 0x00007ffa6eed0000 	C:\WINDOWS\System32\windows.storage.dll
0x00007ffa6e020000 - 0x00007ffa6e043000 	C:\WINDOWS\System32\profapi.dll
0x00007ffa6dfd0000 - 0x00007ffa6e01a000 	C:\WINDOWS\System32\powrprof.dll
0x00007ffa6df80000 - 0x00007ffa6df90000 	C:\WINDOWS\System32\UMPDC.dll
0x00007ffa707a0000 - 0x00007ffa707f2000 	C:\WINDOWS\System32\shlwapi.dll
0x00007ffa6df90000 - 0x00007ffa6dfa1000 	C:\WINDOWS\System32\kernel.appcore.dll
0x00007ffa6e3d0000 - 0x00007ffa6e3e7000 	C:\WINDOWS\System32\cryptsp.dll
0x00007ffa69830000 - 0x00007ffa6984a000 	C:\Program Files\Android\Android Studio\jre\jre\bin\net.dll
0x00007ffa6d7d0000 - 0x00007ffa6d837000 	C:\WINDOWS\system32\mswsock.dll
0x00007ffa69450000 - 0x00007ffa69463000 	C:\Program Files\Android\Android Studio\jre\jre\bin\nio.dll
0x00007ffa46940000 - 0x00007ffa46966000 	C:\Users\Rashtaurigae\.gradle\native\31\windows-amd64\native-platform.dll
0x00007ffa6a830000 - 0x00007ffa6a83d000 	C:\Program Files\Android\Android Studio\jre\jre\bin\management.dll
0x00007ffa6d340000 - 0x00007ffa6d373000 	C:\WINDOWS\system32\rsaenh.dll
0x00007ffa6e1f0000 - 0x00007ffa6e216000 	C:\WINDOWS\System32\bcrypt.dll
0x00007ffa6dea0000 - 0x00007ffa6dec5000 	C:\WINDOWS\SYSTEM32\USERENV.dll
0x00007ffa6d9a0000 - 0x00007ffa6d9ac000 	C:\WINDOWS\SYSTEM32\CRYPTBASE.dll
0x00007ffa6d4e0000 - 0x00007ffa6d51a000 	C:\WINDOWS\SYSTEM32\IPHLPAPI.DLL
0x00007ffa6f750000 - 0x00007ffa6f758000 	C:\WINDOWS\System32\NSI.dll
0x00007ffa66b20000 - 0x00007ffa66b36000 	C:\WINDOWS\SYSTEM32\dhcpcsvc6.DLL
0x00007ffa65e30000 - 0x00007ffa65e4c000 	C:\WINDOWS\SYSTEM32\dhcpcsvc.DLL
0x00007ffa6d520000 - 0x00007ffa6d5eb000 	C:\WINDOWS\SYSTEM32\DNSAPI.dll

VM Arguments:
jvm_args: -Xmx1536m -Dfile.encoding=windows-1252 -Duser.country=ID -Duser.language=en -Duser.variant 
java_command: org.gradle.launcher.daemon.bootstrap.GradleDaemon 6.1.1
java_class_path (initial): C:\Users\Rashtaurigae\.gradle\wrapper\dists\gradle-6.1.1-all\cfmwm155h49vnt3hynmlrsdst\gradle-6.1.1\lib\gradle-launcher-6.1.1.jar
Launcher Type: SUN_STANDARD

Environment Variables:
JAVA_HOME=C:\Program Files\Java\jdk1.8.0_111
PATH=C:\Python27\;C:\Python27\Scripts;C:\Program Files (x86)\Common Files\Oracle\Java\javapath;C:\oraclexe\app\oracle\product\11.2.0\server\bin;C:\ProgramData\Oracle\Java\javapath;C:\windows\system32;C:\windows;C:\windows\System32\Wbem;C:\windows\System32\WindowsPowerShell\v1.0\;C:\windows\System32\OpenSSH\;C:\Program Files (x86)\NVIDIA Corporation\PhysX\Common;C:\Program Files\NVIDIA Corporation\NVIDIA NvDLISR;C:\ProgramData\chocolatey\bin;C:\Program Files (x86)\Yarn\bin\;C:\WINDOWS\system32;C:\WINDOWS;C:\WINDOWS\System32\Wbem;C:\WINDOWS\System32\WindowsPowerShell\v1.0\;C:\WINDOWS\System32\OpenSSH\;C:\ProgramData\ComposerSetup\bin;C:\Program Files\Polyspace\R2019b\runtime\win64;C:\Program Files\Polyspace\R2019b\bin;C:\Program Files\Polyspace\R2019b\polyspace\bin;C:\Gradle\gradle-6.3\bin;C:\Program Files\Git\cmd;C:\Users\Rashtaurigae\AppData\Roaming\nvm;C:\Program Files\nodejs;C:\Users\Rashtaurigae\AppData\Local\Programs\Python\Python38-32\Scripts\;C:\Users\Rashtaurigae\AppData\Local\Programs\Python\Python38-32\;C:\Users\Rashtaurigae\AppData\Local\Microsoft\WindowsApps;C:\Users\Rashtaurigae\AppData\Roaming\npm;C:\Users\Rashtaurigae\AppData\Local\Yarn\bin;C:\Users\Rashtaurigae\AppData\Local\Android\Sdk;C:\Users\Rashtaurigae\AppData\Local\Programs\Microsoft VS Code\bin;C:\Users\Rashtaurigae\AppData\Local\GitHubDesktop\bin;C:\Users\Rashtaurigae\AppData\Local\Microsoft\WindowsApps;C:\Program Files\JetBrains\PyCharm Community Edition 2019.3\bin;;C:\xampp\php;C:\Users\Rashtaurigae\AppData\Roaming\Composer\vendor\bin;C:\Program Files\Java\jdk1.8.0_111\bin;C:\Program Files\JetBrains\IntelliJ IDEA Community Edition 2019.3.4\bin;;C:\Users\Rashtaurigae\AppData\Roaming\nvm;C:\Program Files\nodejs
USERNAME=Rashtaurigae
OS=Windows_NT
PROCESSOR_IDENTIFIER=Intel64 Family 6 Model 142 Stepping 12, GenuineIntel



---------------  S Y S T E M  ---------------

OS: Windows 10.0 , 64 bit Build 18362 (10.0.18362.1082)

CPU:total 8 (initial active 8) (4 cores per cpu, 2 threads per core) family 6 model 142 stepping 12, cmov, cx8, fxsr, mmx, sse, sse2, sse3, ssse3, sse4.1, sse4.2, popcnt, avx, avx2, aes, clmul, erms, 3dnowpref, lzcnt, ht, tsc, tscinvbit, bmi1, bmi2, adx

Memory: 4k page, physical 4077876k(336196k free), swap 16660788k(4624k free)

vm_info: OpenJDK 64-Bit Server VM (25.242-b01) for windows-amd64 JRE (1.8.0_242-release-1644-b01), built by "builder" with MS VC++ 10.0 (VS2010)

time: Thu Sep 17 11:15:27 2020
timezone: SE Asia Standard Time
elapsed time: 19 seconds (0d 0h 0m 19s)

